<?xml version="1.0" encoding="UTF-8"?>
<!-- Generated by org.testng.reporters.JUnitReportReporter -->
<testsuite hostname="DESKTOP-MQ6U493" failures="0" tests="1" name="americanTourister.AmericanT_Registration" time="43.421" errors="0" timestamp="2022-04-22T13:31:45 IST" skipped="0">
  <testcase classname="americanTourister.AmericanT_Registration" name="registration" time="43.421"/>
  <system-out/>
</testsuite> <!-- americanTourister.AmericanT_Registration -->
